TN:
SF:script.js
FN:10,(anonymous_0)
FN:11,(anonymous_1)
FNF:2
FNH:2
FNDA:6,(anonymous_0)
FNDA:26,(anonymous_1)
DA:1,1
DA:10,1
DA:11,6
DA:12,26
DA:14,6
DA:17,1
DA:19,1
LF:7
LH:7
BRDA:14,0,0,2
BRDA:14,0,1,4
BRF:2
BRH:2
end_of_record
TN:
SF:script2.js
FN:4,(anonymous_0)
FN:6,(anonymous_1)
FN:7,(anonymous_2)
FN:14,(anonymous_3)
FNF:4
FNH:4
FNDA:2,(anonymous_0)
FNDA:2,(anonymous_1)
FNDA:2,(anonymous_2)
FNDA:1,(anonymous_3)
DA:4,1
DA:5,2
DA:6,2
DA:8,2
DA:14,1
DA:15,1
DA:16,1
DA:18,1
DA:26,1
LF:9
LH:9
BRF:0
BRH:0
end_of_record
